{"timestamp": "2025-12-19T17:17:20.516084", "action": "MONITORING_RUN", "status": "STARTED", "details": {}}
{"timestamp": "2025-12-19T17:24:47.380695", "action": "MONITORING_RUN", "status": "STARTED", "details": {}}
{"timestamp": "2025-12-19T17:37:24.270375", "action": "MONITORING_RUN", "status": "STARTED", "details": {}}
{"timestamp": "2025-12-19T17:42:15.007518", "action": "MONITORING_RUN", "status": "STARTED", "details": {}}
{"timestamp": "2025-12-19T17:42:20.339683", "action": "MONITORING_RUN", "status": "SUCCESS", "details": {"windows": 213, "avg_soh": 0.34}}
{"timestamp": "2025-12-19T17:46:20.437175", "action": "CSV_VALIDATION", "status": "FAILURE", "details": {"error": "Missing required columns: {'macid', 'current'}"}}
{"timestamp": "2025-12-19T17:49:13.485202", "action": "CSV_VALIDATION", "status": "FAILURE", "details": {"error": "Missing required columns: {'macid', 'current'}"}}
{"timestamp": "2025-12-20T11:47:48.813928", "action": "MONITORING_RUN", "status": "STARTED", "details": {}}
{"timestamp": "2025-12-20T11:47:54.128568", "action": "MONITORING_RUN", "status": "SUCCESS", "details": {"windows": 213, "avg_soh": 0.34}}
{"timestamp": "2025-12-20T11:50:09.562536", "action": "CSV_VALIDATION", "status": "FAILURE", "details": {"error": "Missing required columns: {'macid', 'current'}"}}
{"timestamp": "2025-12-20T12:18:44.717287", "action": "CSV_VALIDATION", "status": "FAILURE", "details": {"error": "Missing required columns: {'macid', 'current'}"}}
{"timestamp": "2025-12-20T12:21:49.022866", "action": "CSV_VALIDATION", "status": "SUCCESS", "details": {"rows": 87932, "assets": 1, "cell_channels": 14}}
{"timestamp": "2025-12-20T12:24:01.117080", "action": "MONITORING_RUN", "status": "STARTED", "details": {}}
{"timestamp": "2025-12-20T12:24:06.266196", "action": "MONITORING_RUN", "status": "SUCCESS", "details": {"windows": 213, "avg_soh": 0.34}}
{"timestamp": "2025-12-20T14:29:20.092064", "action": "MONITORING_RUN", "status": "STARTED", "details": {}}
{"timestamp": "2025-12-20T14:29:25.443579", "action": "MONITORING_RUN", "status": "SUCCESS", "details": {"windows": 213, "avg_soh": 0.34}}
{"timestamp": "2025-12-21T14:20:36.549079", "action": "MONITORING_RUN", "status": "STARTED", "details": {}}
{"timestamp": "2025-12-21T14:20:42.508654", "action": "MONITORING_RUN", "status": "SUCCESS", "details": {"windows": 213, "avg_soh": 0.34}}
{"timestamp": "2025-12-21T14:39:37.515372", "action": "MONITORING_RUN", "status": "STARTED", "details": {}}
{"timestamp": "2025-12-21T14:39:43.543068", "action": "MONITORING_RUN", "status": "SUCCESS", "details": {"windows": 213, "avg_soh": 0.34}}
{"timestamp": "2025-12-21T15:27:24.266231", "action": "ANOMALY_RUN", "status": "STARTED", "details": {}}
{"timestamp": "2025-12-22T02:51:47.732202", "action": "CSV_VALIDATION", "status": "SUCCESS", "details": {"rows": 87932, "assets": 1, "cell_channels": 14}}
{"timestamp": "2025-12-22T02:52:35.814010", "action": "MONITORING_RUN", "status": "STARTED", "details": {}}
{"timestamp": "2025-12-22T02:52:43.055446", "action": "MONITORING_RUN", "status": "SUCCESS", "details": {"windows": 213, "avg_soh": 0.34}}
{"timestamp": "2025-12-22T02:59:01.758421", "action": "MONITORING_RUN", "status": "STARTED", "details": {}}
{"timestamp": "2025-12-22T02:59:10.514631", "action": "MONITORING_RUN", "status": "SUCCESS", "details": {"windows": 213, "avg_soh": 0.34}}
{"timestamp": "2025-12-22T03:00:28.298608", "action": "ANOMALY_RUN", "status": "STARTED", "details": {}}
