{"timestamp": "2025-12-19T17:17:20.516084", "action": "MONITORING_RUN", "status": "STARTED", "details": {}}
{"timestamp": "2025-12-19T17:24:47.380695", "action": "MONITORING_RUN", "status": "STARTED", "details": {}}
{"timestamp": "2025-12-19T17:37:24.270375", "action": "MONITORING_RUN", "status": "STARTED", "details": {}}
{"timestamp": "2025-12-19T17:42:15.007518", "action": "MONITORING_RUN", "status": "STARTED", "details": {}}
{"timestamp": "2025-12-19T17:42:20.339683", "action": "MONITORING_RUN", "status": "SUCCESS", "details": {"windows": 213, "avg_soh": 0.34}}
{"timestamp": "2025-12-19T17:46:20.437175", "action": "CSV_VALIDATION", "status": "FAILURE", "details": {"error": "Missing required columns: {'macid', 'current'}"}}
{"timestamp": "2025-12-19T17:49:13.485202", "action": "CSV_VALIDATION", "status": "FAILURE", "details": {"error": "Missing required columns: {'macid', 'current'}"}}
{"timestamp": "2025-12-20T11:47:48.813928", "action": "MONITORING_RUN", "status": "STARTED", "details": {}}
{"timestamp": "2025-12-20T11:47:54.128568", "action": "MONITORING_RUN", "status": "SUCCESS", "details": {"windows": 213, "avg_soh": 0.34}}
{"timestamp": "2025-12-20T11:50:09.562536", "action": "CSV_VALIDATION", "status": "FAILURE", "details": {"error": "Missing required columns: {'macid', 'current'}"}}
{"timestamp": "2025-12-20T12:18:44.717287", "action": "CSV_VALIDATION", "status": "FAILURE", "details": {"error": "Missing required columns: {'macid', 'current'}"}}
{"timestamp": "2025-12-20T12:21:49.022866", "action": "CSV_VALIDATION", "status": "SUCCESS", "details": {"rows": 87932, "assets": 1, "cell_channels": 14}}
{"timestamp": "2025-12-20T12:24:01.117080", "action": "MONITORING_RUN", "status": "STARTED", "details": {}}
{"timestamp": "2025-12-20T12:24:06.266196", "action": "MONITORING_RUN", "status": "SUCCESS", "details": {"windows": 213, "avg_soh": 0.34}}
{"timestamp": "2025-12-20T14:29:20.092064", "action": "MONITORING_RUN", "status": "STARTED", "details": {}}
{"timestamp": "2025-12-20T14:29:25.443579", "action": "MONITORING_RUN", "status": "SUCCESS", "details": {"windows": 213, "avg_soh": 0.34}}
{"timestamp": "2025-12-21T14:20:36.549079", "action": "MONITORING_RUN", "status": "STARTED", "details": {}}
{"timestamp": "2025-12-21T14:20:42.508654", "action": "MONITORING_RUN", "status": "SUCCESS", "details": {"windows": 213, "avg_soh": 0.34}}
{"timestamp": "2025-12-21T14:39:37.515372", "action": "MONITORING_RUN", "status": "STARTED", "details": {}}
{"timestamp": "2025-12-21T14:39:43.543068", "action": "MONITORING_RUN", "status": "SUCCESS", "details": {"windows": 213, "avg_soh": 0.34}}
{"timestamp": "2025-12-21T15:27:24.266231", "action": "ANOMALY_RUN", "status": "STARTED", "details": {}}
{"timestamp": "2025-12-22T02:51:47.732202", "action": "CSV_VALIDATION", "status": "SUCCESS", "details": {"rows": 87932, "assets": 1, "cell_channels": 14}}
{"timestamp": "2025-12-22T02:52:35.814010", "action": "MONITORING_RUN", "status": "STARTED", "details": {}}
{"timestamp": "2025-12-22T02:52:43.055446", "action": "MONITORING_RUN", "status": "SUCCESS", "details": {"windows": 213, "avg_soh": 0.34}}
{"timestamp": "2025-12-22T02:59:01.758421", "action": "MONITORING_RUN", "status": "STARTED", "details": {}}
{"timestamp": "2025-12-22T02:59:10.514631", "action": "MONITORING_RUN", "status": "SUCCESS", "details": {"windows": 213, "avg_soh": 0.34}}
{"timestamp": "2025-12-22T03:00:28.298608", "action": "ANOMALY_RUN", "status": "STARTED", "details": {}}
{"timestamp": "2025-12-25T14:22:26.172595", "action": "CSV_VALIDATION", "status": "SUCCESS", "details": {"rows": 87932, "assets": 1, "cell_channels": 14}}
{"timestamp": "2025-12-25T14:23:21.588821", "action": "MONITORING_RUN", "status": "STARTED", "details": {}}
{"timestamp": "2025-12-25T14:24:57.400948", "action": "ANOMALY_RUN", "status": "STARTED", "details": {}}
{"timestamp": "2025-12-25T14:25:49.026517", "action": "CSV_VALIDATION", "status": "SUCCESS", "details": {"rows": 87932, "assets": 1, "cell_channels": 14}}
{"timestamp": "2025-12-25T14:26:36.891395", "action": "MONITORING_RUN", "status": "STARTED", "details": {}}
{"timestamp": "2025-12-25T14:37:54.003334", "action": "MONITORING_RUN", "status": "STARTED", "details": {}}
{"timestamp": "2025-12-25T14:46:08.178760", "action": "MONITORING_RUN", "status": "STARTED", "details": {}}
{"timestamp": "2025-12-25T14:55:35.175607", "action": "MONITORING_RUN", "status": "STARTED", "details": {}}
{"timestamp": "2025-12-25T15:06:10.106622", "action": "MONITORING_RUN", "status": "STARTED", "details": {}}
{"timestamp": "2025-12-25T15:06:17.108036", "action": "MONITORING_RUN", "status": "SUCCESS", "details": {"windows": 213, "avg_soh": 0.967}}
{"timestamp": "2025-12-25T15:08:00.293761", "action": "ANOMALY_RUN", "status": "STARTED", "details": {}}
{"timestamp": "2025-12-25T15:20:37.797308", "action": "MONITORING_RUN", "status": "STARTED", "details": {}}
{"timestamp": "2025-12-25T15:20:46.253846", "action": "MONITORING_RUN", "status": "SUCCESS", "details": {"windows": 213, "avg_soh": 0.967}}
{"timestamp": "2025-12-25T15:21:38.101662", "action": "ANOMALY_RUN", "status": "STARTED", "details": {}}
{"timestamp": "2025-12-25T15:30:45.114742", "action": "ANOMALY_RUN", "status": "STARTED", "details": {}}
{"timestamp": "2025-12-25T15:34:18.395482", "action": "ANOMALY_RUN", "status": "STARTED", "details": {}}
{"timestamp": "2025-12-25T15:40:12.556339", "action": "ANOMALY_RUN", "status": "STARTED", "details": {}}
{"timestamp": "2025-12-25T15:50:58.418749", "action": "ANOMALY_RUN", "status": "STARTED", "details": {}}
{"timestamp": "2025-12-25T15:51:06.235105", "action": "ANOMALY_RUN", "status": "STARTED", "details": {}}
{"timestamp": "2025-12-25T15:58:50.996994", "action": "ANOMALY_RUN", "status": "STARTED", "details": {}}
{"timestamp": "2025-12-25T16:21:25.656051", "action": "ANOMALY_RUN", "status": "STARTED", "details": {}}
{"timestamp": "2025-12-25T16:32:49.166942", "action": "ANOMALY_RUN", "status": "STARTED", "details": {}}
{"timestamp": "2025-12-25T18:04:48.303138", "action": "CSV_VALIDATION", "status": "SUCCESS", "details": {"rows": 87932, "assets": 1, "cell_channels": 14}}
{"timestamp": "2025-12-25T18:05:30.772599", "action": "MONITORING_RUN", "status": "STARTED", "details": {}}
{"timestamp": "2025-12-25T18:05:37.491022", "action": "MONITORING_RUN", "status": "SUCCESS", "details": {"windows": 213, "avg_soh": 0.967}}
{"timestamp": "2025-12-25T18:06:24.271288", "action": "ANOMALY_RUN", "status": "STARTED", "details": {}}
